Dummy commit on Fri Jul  4 12:07:04 UTC 2025
Dummy commit on Sun Aug 24 00:11:09 UTC 2025
Dummy commit on Mon Aug 25 00:10:28 UTC 2025
Dummy commit on Tue Aug 26 00:09:55 UTC 2025
Dummy commit on Wed Aug 27 00:10:04 UTC 2025
Dummy commit on Thu Aug 28 00:09:57 UTC 2025
Dummy commit on Fri Aug 29 00:09:56 UTC 2025
Dummy commit on Sat Aug 30 00:09:11 UTC 2025
Dummy commit on Sun Aug 31 00:11:09 UTC 2025
Dummy commit on Mon Sep  1 00:12:07 UTC 2025
Dummy commit on Tue Sep  2 00:09:47 UTC 2025
Dummy commit on Wed Sep  3 00:09:10 UTC 2025
Dummy commit on Thu Sep  4 00:09:11 UTC 2025
Dummy commit on Fri Sep  5 00:09:58 UTC 2025
Dummy commit on Sat Sep  6 00:09:13 UTC 2025
Dummy commit on Sun Sep  7 00:10:29 UTC 2025
Dummy commit on Mon Sep  8 00:10:35 UTC 2025
Dummy commit on Tue Sep  9 00:10:12 UTC 2025
Dummy commit on Wed Sep 10 00:09:57 UTC 2025
Dummy commit on Thu Sep 11 00:10:10 UTC 2025
Dummy commit on Fri Sep 12 00:10:17 UTC 2025
Dummy commit on Sat Sep 13 00:08:50 UTC 2025
Dummy commit on Sun Sep 14 00:10:20 UTC 2025
Dummy commit on Mon Sep 15 00:10:30 UTC 2025
Dummy commit on Tue Sep 16 00:09:46 UTC 2025
Dummy commit on Wed Sep 17 00:10:03 UTC 2025
Dummy commit on Thu Sep 18 00:09:51 UTC 2025
